[Main] Live visualization DISABLED
[ScenarioManager] RANDOM initialization:
  - Spacing: 13.64m ± 3.41m
  - Velocity: 5.50m/s ± 3.00m/s
[ScenarioManager] Single Human Model (Legacy)
[Simulator] Mesoscopic adaptation ENABLED
            M=8, λ=0.8, γ=0.4
            α ∈ [0.9, 1.6]
            Gain scheduling: False
[Simulator] RL residual layer DISABLED
[Simulator] Dynamic topology enabled: Leaders reassigned every timestep
[Simulator] Warm-up phase: 10.0s with |a| <= 1.0 m/s²
[Simulator] Collision prevention active: MIN_GAP = 0.3m
[Simulator] Running 1500 timesteps (T=150.0s)...
[Step 0] t=0.00s
[COLLISION CLAMP] Vehicle 13 emergency brake at t=0.20s (gap < MIN_GAP)
[Step 10] t=1.00s
[COLLISION CLAMP] Vehicle 10 emergency brake at t=1.10s (gap < MIN_GAP)
[COLLISION CLAMP] Vehicle 15 emergency brake at t=1.50s (gap < MIN_GAP)
[Step 20] t=2.00s
[Step 30] t=3.00s
[Step 40] t=4.00s
[Step 50] t=5.00s
[Step 60] t=6.00s
[Step 70] t=7.00s
[Step 80] t=8.00s
[Step 90] t=9.00s
[Step 100] t=10.00s
[Step 110] t=11.00s
[Step 120] t=12.00s
[Step 130] t=13.00s
[Step 140] t=14.00s
[Step 150] t=15.00s
[Step 160] t=16.00s
[Step 170] t=17.00s
[Step 180] t=18.00s
[Step 190] t=19.00s
[Step 200] t=20.00s
[Step 210] t=21.00s
[Step 220] t=22.00s
[Step 230] t=23.00s
[Step 240] t=24.00s
[Step 250] t=25.00s
[Step 260] t=26.00s
[Step 270] t=27.00s
[Step 280] t=28.00s
[Step 290] t=29.00s
[Step 300] t=30.00s
[Step 310] t=31.00s
[Step 320] t=32.00s
[Step 330] t=33.00s
[Step 340] t=34.00s
[Step 350] t=35.00s
[Step 360] t=36.00s
[Step 370] t=37.00s
[Step 380] t=38.00s
[Step 390] t=39.00s
[Step 400] t=40.00s
[Step 410] t=41.00s
[Step 420] t=42.00s
[Step 430] t=43.00s
[Step 440] t=44.00s
[Step 450] t=45.00s
[Step 460] t=46.00s
[Step 470] t=47.00s
[Step 480] t=48.00s
[Step 490] t=49.00s
[Step 500] t=50.00s
[Step 510] t=51.00s
[Step 520] t=52.00s
[Step 530] t=53.00s
[Step 540] t=54.00s
[Step 550] t=55.00s
[Step 560] t=56.00s
[Step 570] t=57.00s
[Step 580] t=58.00s
[Step 590] t=59.00s
[Step 600] t=60.00s
[Step 610] t=61.00s
[Step 620] t=62.00s
[Step 630] t=63.00s
[Step 640] t=64.00s
[Step 650] t=65.00s
[Step 660] t=66.00s
[Step 670] t=67.00s
[Step 680] t=68.00s
[Step 690] t=69.00s
[Step 700] t=70.00s
[Step 710] t=71.00s
[Step 720] t=72.00s
[Step 730] t=73.00s
[Step 740] t=74.00s
[Step 750] t=75.00s
[Step 760] t=76.00s
[Step 770] t=77.00s
[Step 780] t=78.00s
[Step 790] t=79.00s
[Step 800] t=80.00s
[Step 810] t=81.00s
[Step 820] t=82.00s
[Step 830] t=83.00s
[Step 840] t=84.00s
[Step 850] t=85.00s
[Step 860] t=86.00s
[Step 870] t=87.00s
[Step 880] t=88.00s
[Step 890] t=89.00s
[Step 900] t=90.00s
[Step 910] t=91.00s
[Step 920] t=92.00s
[Step 930] t=93.00s
[Step 940] t=94.00s
[Step 950] t=95.00s
[Step 960] t=96.00s
[Step 970] t=97.00s
[Step 980] t=98.00s
[Step 990] t=99.00s
[Step 1000] t=100.00s
[Step 1010] t=101.00s
[Step 1020] t=102.00s
[Step 1030] t=103.00s
[Step 1040] t=104.00s
[Step 1050] t=105.00s
[Step 1060] t=106.00s
[Step 1070] t=107.00s
[Step 1080] t=108.00s
[Step 1090] t=109.00s
[Step 1100] t=110.00s
[Step 1110] t=111.00s
[Step 1120] t=112.00s
[Step 1130] t=113.00s
[Step 1140] t=114.00s
[Step 1150] t=115.00s
[Step 1160] t=116.00s
[Step 1170] t=117.00s
[Step 1180] t=118.00s
[Step 1190] t=119.00s
[Step 1200] t=120.00s
[Step 1210] t=121.00s
[Step 1220] t=122.00s
[Step 1230] t=123.00s
[Step 1240] t=124.00s
[Step 1250] t=125.00s
[Step 1260] t=126.00s
[Step 1270] t=127.00s
[Step 1280] t=128.00s
[Step 1290] t=129.00s
[Step 1300] t=130.00s
[Step 1310] t=131.00s
[Step 1320] t=132.00s
[Step 1330] t=133.00s
[Step 1340] t=134.00s
[Step 1350] t=135.00s
[Step 1360] t=136.00s
[Step 1370] t=137.00s
[Step 1380] t=138.00s
[Step 1390] t=139.00s
[Step 1400] t=140.00s
[Step 1410] t=141.00s
[Step 1420] t=142.00s
[Step 1430] t=143.00s
[Step 1440] t=144.00s
[Step 1450] t=145.00s
[Step 1460] t=146.00s
[Step 1470] t=147.00s
[Step 1480] t=148.00s
[Step 1490] t=149.00s
[Logger] Saved micro.csv, macro.csv, metadata.json, micro.pt, macro.pt, summary.txt in output/method_compare_random_rerun_20260323_ep800/no_rl/h25/simulation

✓ Simulation completed with ZERO collisions

 CRITICAL: 3 COLLISION CLAMP events (emergency v=0 braking)
     These are IMPULSE DISTURBANCES that INVALIDATE string stability analysis!
     First 3 events:
       1. Vehicle 13 at t=0.20s
       2. Vehicle 10 at t=1.10s
       3. Vehicle 15 at t=1.50s
     RECOMMENDATION: Discard this run or tune to prevent clamps.
Simulation complete. Dataset saved.
[Main] Playback visualization skipped

